nohup: ignoring input
./mytraces/trainTraces/5G_12mbps_19.json
Episode 0 	 Average policy loss, value loss, reward -0.008983985314392645, 7.756593045100894, 0.32615185792947143
./mytraces/trainTraces/WIRED_35mbps_98.json
Episode 1 	 Average policy loss, value loss, reward -0.012300917250200626, 0.26487132263765367, 0.3362154270626152
./mytraces/trainTraces/4G_3mbps_46.json
Episode 2 	 Average policy loss, value loss, reward -0.014524049309027487, 0.03076649147307933, 0.34028363403340073
./mytraces/trainTraces/5G_13mbps_6.json
Episode 3 	 Average policy loss, value loss, reward -0.019550302640405616, 0.015433637238196468, 0.3478281037277038
./mytraces/trainTraces/4G_500kbps_50.json
Episode 4 	 Average policy loss, value loss, reward -0.0011033208211422014, 0.27714064576278274, 0.31615567751091456
./mytraces/trainTraces/WIRED_35mbps_43.json
Episode 5 	 Average policy loss, value loss, reward -0.02409724685874809, 0.056944413626003165, 0.3548670432184037
./mytraces/trainTraces/5G_13mbps_38.json
Episode 6 	 Average policy loss, value loss, reward -0.020112351400879722, 0.016238082664053365, 0.35997173828110846
./mytraces/trainTraces/WIRED_200kbps_48.json
Episode 7 	 Average policy loss, value loss, reward -0.001316064167118866, 319.5725141464049, -1.4539244449279263
./mytraces/trainTraces/WIRED_900kbs_10.json
Episode 8 	 Average policy loss, value loss, reward -0.0032233527639121354, 102.14600979849676, 0.35578930943583376
./mytraces/trainTraces/WIRED_200kbps_14.json
Episode 9 	 Average policy loss, value loss, reward -0.00255763792880119, 315.9710107084366, -1.4348026718053442
./mytraces/trainTraces/5G_12mbps_73.json
Episode 10 	 Average policy loss, value loss, reward -0.0046198729809590845, 70.95694094458194, 0.3777114383566535
./mytraces/trainTraces/4G_700kbps_90.json
Episode 11 	 Average policy loss, value loss, reward -0.00401042129673996, 17.92259425004703, 0.3638999503918491
./mytraces/trainTraces/4G_500kbps_9.json
Episode 12 	 Average policy loss, value loss, reward -0.0033643147062377963, 5.2535061068302795, 0.21911925528856285
./mytraces/trainTraces/5G_12mbps_48.json
Episode 13 	 Average policy loss, value loss, reward -0.014499219326444986, 1.9706994908593076, 0.3830400051965029
./mytraces/trainTraces/4G_700kbps_47.json
Episode 14 	 Average policy loss, value loss, reward -0.006142348793723626, 0.0904836271009177, 0.3709182587774516
./mytraces/trainTraces/5G_12mbps_42.json
Episode 15 	 Average policy loss, value loss, reward -0.020989051176153278, 0.03239978545750387, 0.39723507688328863
./mytraces/trainTraces/4G_3mbps_54.json
Episode 16 	 Average policy loss, value loss, reward -0.021827475844993324, 0.014734535060344788, 0.4005636283615478
./mytraces/trainTraces/4G_700kbps_9.json
Episode 17 	 Average policy loss, value loss, reward -0.003071282434831777, 0.344977770246919, 0.36653770432405264
./mytraces/trainTraces/4G_500kbps_46.json
Episode 18 	 Average policy loss, value loss, reward -0.007077772312228143, 4.909081063310136, 0.11083054674141184
./mytraces/trainTraces/WIRED_35mbps_26.json
Episode 19 	 Average policy loss, value loss, reward -0.014304163407136767, 2.038284829338786, 0.4120362628183946
./mytraces/trainTraces/5G_13mbps_96.json
Episode 20 	 Average policy loss, value loss, reward -0.021360762367948247, 0.049603741637262604, 0.415297038492337
./mytraces/trainTraces/4G_700kbps_42.json
Episode 21 	 Average policy loss, value loss, reward -0.004790520604585212, 0.5721401499130415, 0.3564032562334195
./mytraces/trainTraces/WIRED_35mbps_21.json
Episode 22 	 Average policy loss, value loss, reward -0.01919453507826592, 0.19006866400378092, 0.42026431838136746
./mytraces/trainTraces/4G_700kbps_65.json
Episode 23 	 Average policy loss, value loss, reward -0.0034578624784787643, 0.6054674802414214, 0.3567258937923977
./mytraces/trainTraces/WIRED_200kbps_29.json
Episode 24 	 Average policy loss, value loss, reward 0.00250639961151444, 43.8656816515063, -1.4446474694294822
./mytraces/trainTraces/WIRED_900kbs_2.json
Episode 25 	 Average policy loss, value loss, reward -0.005297467458266405, 2.6325378456843054, 0.407923349544078
./mytraces/trainTraces/4G_3mbps_44.json

interval_time_step is [%d] 2965
